{
  "windows_security_logs": [
    {
      "timestamp": "2024-01-15T10:30:00Z",
      "event_id": 4688,
      "source": "Microsoft-Windows-Security-Auditing",
      "level": "Information",
      "process_name": "powershell.exe",
      "command_line": "powershell.exe -ExecutionPolicy Bypass -WindowStyle Hidden -EncodedCommand SQBuAHYAbwBrAGUALQBXAGUAYgBSAGUAcQB1AGUAcwB0AA==",
      "parent_process": "cmd.exe",
      "user": "DOMAIN\\suspicious_user",
      "pid": 2048,
      "host": "WORKSTATION-05"
    },
    {
      "timestamp": "2024-01-15T10:31:00Z",
      "event_id": 4625,
      "source": "Microsoft-Windows-Security-Auditing",
      "level": "Information",
      "logon_type": 3,
      "failure_reason": "Unknown user name or bad password",
      "src_ip": "192.168.1.100",
      "target_user": "administrator",
      "logon_process": "NtLmSsp",
      "authentication_package": "NTLM",
      "host": "DC-01"
    },
    {
      "timestamp": "2024-01-15T10:32:00Z",
      "event_id": 4732,
      "source": "Microsoft-Windows-Security-Auditing",
      "level": "Information",
      "group_name": "Administrators",
      "member_added": "DOMAIN\\backup_service",
      "added_by": "DOMAIN\\compromised_admin",
      "host": "DC-01"
    },
    {
      "timestamp": "2024-01-15T10:33:00Z",
      "event_id": 5156,
      "source": "Microsoft-Windows-Security-Auditing",
      "level": "Information",
      "direction": "Outbound",
      "src_ip": "10.10.10.55",
      "dst_ip": "185.243.112.89",
      "dst_port": 443,
      "protocol": "TCP",
      "process": "powershell.exe",
      "host": "WORKSTATION-05"
    }
  ],
  "firewall_logs": [
    {
      "timestamp": "2024-01-15T10:30:00Z",
      "action": "ALLOW",
      "src_ip": "10.10.10.55",
      "dst_ip": "185.243.112.89",
      "src_port": 49152,
      "dst_port": 443,
      "protocol": "TCP",
      "bytes": 2048,
      "packets": 15,
      "rule": "ALLOW_HTTPS_OUT",
      "interface": "WAN"
    },
    {
      "timestamp": "2024-01-15T10:31:30Z",
      "action": "BLOCK",
      "src_ip": "203.0.113.50",
      "dst_ip": "10.10.10.55",
      "src_port": 4444,
      "dst_port": 445,
      "protocol": "TCP",
      "bytes": 0,
      "packets": 1,
      "rule": "BLOCK_SMB_EXTERNAL",
      "interface": "WAN"
    },
    {
      "timestamp": "2024-01-15T10:35:00Z",
      "action": "ALLOW",
      "src_ip": "10.10.10.55",
      "dst_ip": "10.10.10.100",
      "src_port": 49153,
      "dst_port": 3389,
      "protocol": "TCP",
      "bytes": 65536,
      "packets": 128,
      "rule": "ALLOW_RDP_INTERNAL",
      "interface": "LAN"
    }
  ],
  "dns_logs": [
    {
      "timestamp": "2024-01-15T10:29:55Z",
      "query_name": "malware-c2-server.darknet.com",
      "query_type": "A",
      "response_ip": "185.243.112.89",
      "src_ip": "10.10.10.55",
      "response_code": "NOERROR",
      "flags": ["RD", "RA"],
      "ttl": 300
    },
    {
      "timestamp": "2024-01-15T10:30:30Z",
      "query_name": "legitimate-cdn.example.com",
      "query_type": "A",
      "response_ip": "203.0.113.25",
      "src_ip": "10.10.10.55",
      "response_code": "NOERROR",
      "flags": ["RD", "RA"],
      "ttl": 3600
    },
    {
      "timestamp": "2024-01-15T10:31:15Z",
      "query_name": "pastebin.com",
      "query_type": "A",
      "response_ip": "104.16.249.88",
      "src_ip": "10.10.10.55",
      "response_code": "NOERROR",
      "flags": ["RD", "RA"],
      "ttl": 300
    }
  ],
  "web_proxy_logs": [
    {
      "timestamp": "2024-01-15T10:30:00Z",
      "src_ip": "10.10.10.55",
      "user": "suspicious_user",
      "method": "GET",
      "url": "https://malware-c2-server.darknet.com/payload.txt",
      "response_code": 200,
      "bytes_sent": 0,
      "bytes_received": 2048,
      "user_agent": "Mozilla/5.0 (Windows NT 10.0; Win64; x64) AppleWebKit/537.36",
      "category": "Malware"
    },
    {
      "timestamp": "2024-01-15T10:31:45Z",
      "src_ip": "10.10.10.55",
      "user": "suspicious_user",
      "method": "POST",
      "url": "https://pastebin.com/api/api_post.php",
      "response_code": 200,
      "bytes_sent": 1024,
      "bytes_received": 256,
      "user_agent": "PowerShell/7.0",
      "category": "File Storage"
    }
  ],
  "email_security_logs": [
    {
      "timestamp": "2024-01-15T09:45:00Z",
      "message_id": "12345678-1234-1234-1234-123456789abc",
      "sender": "finance@fake-company.com",
      "recipient": "user@company.com",
      "subject": "Urgent Invoice Payment Required",
      "attachment_count": 1,
      "attachment_names": ["invoice_2024.zip"],
      "attachment_hashes": ["a1b2c3d4e5f6789012345678901234567890abcdef"],
      "spam_score": 8.5,
      "virus_detected": false,
      "action": "quarantined",
      "reason": "suspicious_attachment"
    }
  ],
  "endpoint_detection_logs": [
    {
      "timestamp": "2024-01-15T10:33:30Z",
      "host": "WORKSTATION-05",
      "event_type": "file_creation",
      "file_path": "C:\\Windows\\Temp\\payload.exe",
      "file_hash": "e3b0c44298fc1c149afbf4c8996fb92427ae41e4649b934ca495991b7852b855",
      "process": "powershell.exe",
      "user": "DOMAIN\\suspicious_user",
      "signature_match": "Generic.Trojan.Downloader"
    },
    {
      "timestamp": "2024-01-15T10:34:00Z",
      "host": "WORKSTATION-05",
      "event_type": "registry_modification",
      "registry_key": "HKCU\\Software\\Microsoft\\Windows\\CurrentVersion\\Run\\WindowsUpdate",
      "registry_value": "C:\\Windows\\Temp\\payload.exe",
      "process": "payload.exe",
      "user": "DOMAIN\\suspicious_user"
    },
    {
      "timestamp": "2024-01-15T10:35:30Z",
      "host": "WORKSTATION-05",
      "event_type": "network_connection",
      "src_ip": "10.10.10.55",
      "dst_ip": "185.243.112.89",
      "dst_port": 8080,
      "protocol": "TCP",
      "process": "payload.exe",
      "direction": "outbound",
      "bytes_transferred": 4096
    }
  ]
}